\BOOKMARK [0][-]{chapter*.4}{Glossaire et sigles utiles}{}% 1
\BOOKMARK [0][-]{chapter*.5}{Introduction}{}% 2
\BOOKMARK [0][-]{chapter.1}{Concepts cl\351s et probl\351matiques}{}% 3
\BOOKMARK [1][-]{section.1.1}{Les G\351ocubes}{chapter.1}% 4
\BOOKMARK [1][-]{section.1.2}{Les syst\350mes embarqu\351s et les noyaux temps-r\351el dur:}{chapter.1}% 5
\BOOKMARK [1][-]{section.1.3}{La communication en champs proche \(NFC\)}{chapter.1}% 6
\BOOKMARK [1][-]{section.1.4}{Les infrastructures de production des logiciels}{chapter.1}% 7
\BOOKMARK [0][-]{chapter.2}{Conception et d\351veloppement des couches logicielles et mat\351rielles relatives \340 la norme NFC ISO14443 et de l'IHM Android d\351di\351e}{}% 8
\BOOKMARK [1][-]{section.2.1}{Analyse du besoin:}{chapter.2}% 9
\BOOKMARK [1][-]{section.2.2}{Conception et d\351veloppement de la solution}{chapter.2}% 10
\BOOKMARK [1][-]{section.2.3}{Conception et d\351veloppement de l'application Android:}{chapter.2}% 11
\BOOKMARK [0][-]{chapter.3}{Conception, d\351veloppement et d\351ploiement d'un syst\350me de mise \340 jour automatique destin\351e au syst\350me G\351ocube:}{}% 12
\BOOKMARK [1][-]{section.3.1}{\311tude du besoin:}{chapter.3}% 13
\BOOKMARK [1][-]{section.3.2}{Conception statique}{chapter.3}% 14
\BOOKMARK [1][-]{section.3.3}{conception dynamique et d\351veloppement}{chapter.3}% 15
\BOOKMARK [1][-]{section.3.4}{D\351ploiement et mise en production:}{chapter.3}% 16
\BOOKMARK [0][-]{chapter.4}{Mise en place et s\351curisation d'une infrastructure virtuelle de production des logiciels:}{}% 17
\BOOKMARK [1][-]{section.4.1}{Syst\350me h\364te:}{chapter.4}% 18
\BOOKMARK [1][-]{section.4.2}{Syst\350me de versioning:}{chapter.4}% 19
\BOOKMARK [1][-]{section.4.3}{Gestionnaire de bugs:}{chapter.4}% 20
\BOOKMARK [-1][-]{chapter*.17}{Conclusion}{}% 21
\BOOKMARK [-1][-]{chapter*.18}{Bibliographie}{}% 22
\BOOKMARK [0][-]{Annexe.1.A}{Projet de recherche}{chapter*.18}% 23
